20180510-10:59:12.844:执行sql:select  NAME,VALUE from SYS_PARAMETER
20180510-10:59:12.902:执行sql:select USERS.USER_NAME+' '+TASK_DEF.OWNER USER_ID,COUNT(*) DONE_STAK,CONVERT(varchar(100),GETDATE()-1,23) DATA_DATE FROM TASK_DEF,USERS WHERE TASK_DEF.OWNER=USERS.USER_ID AND  TASK_DEF.STATUS NOT IN('1','2') GROUP BY OWNER,USERS.USER_NAME
20180510-10:59:13.078:执行sql:select ID,STATUS,CUR_USER,SYNC_FLAG,IS_DELAY from BACKLOG where CONVERT(varchar(10),MDF_TIME)='2018-05-03'
20180510-10:59:13.127:执行sql:select REQ_ID,OWNER,IS_DELAY,RLS_CNT,RST_CNT,DELAY_CNT,STATUS, CONVERT(varchar(10),MDF_TIME) DATA_DATE  from TASK_DEF where CONVERT(varchar(10),MDF_TIME)='2018-05-03'
20180510-10:59:13.168:执行sql:select REQ_ID,LOG_ID,USERS.USER_NAME+' '+ DELAY_DETAIL.APPLY_USER APPLY_USER, APPLY_TIME,AUSERS.USER_NAME+' '+APPR_USER APPR_USER,DSTATUS,REASON,DCOMMENT,DTIME,PDATE,DDATE from DELAY_DETAIL,USERS,USERS AUSERS WHERE DELAY_DETAIL.APPLY_USER=USERS.USER_ID and DELAY_DETAIL.APPR_USER=AUSERS.USER_ID and CONVERT(varchar(10),MTIME)='2018-05-03'
20180510-10:59:13.479:执行sql:select COUNT(*) AS COUNT from FILES where MD5='2405055268e057df167720b7b3b79b70'
20180510-10:59:13.553:执行sql:insert into REQ_FILES(REQ_ID,FILE_ID,FILE_NAME,FILE_TIME,MD5,MDF_USER,MDF_TIME) values('R20180509005','a417d0c0-cadb-4622-a647-0d0da743f302','16344007814887f38b41bef4673954ef.docx','2018-05-09 16:25:06','2405055268e057df167720b7b3b79b70','06000',CONVERT(varchar(100),GETDATE(),120))
20180510-10:59:13.559:执行sql:insert into  FILES(MD5,LOCATION,CRT_USER, CRT_TIME) values('2405055268e057df167720b7b3b79b70','R20180509005','06000',CONVERT(varchar(100),GETDATE(),120))
20180510-10:59:13.563:执行sql:insert into BACKLOG(ID,SUSER,DEPT,SDATE,IUSER,NAME,BACKGROUND,RDESC,RDATE,REASON,CUSER,AUSER,COMMENT,RSRC,RTYPE,RCLASS,STATUS,CUR_USER,MDF_TIME,SYNC_FLAG,LINK,SCHE_ID,IS_DELAY) values('R20180509005','51009','管理系统开发部','2018-05-09','51009','测试003','测试002','测试002','2018-05-09','测试002','06220','06220','','1','2','2','6','06000',CONVERT(varchar(100),GETDATE(),120),'1','http://172.24.181.201:8080/ekp/guosen/demand/guosen_demand_main/guosenDemandMain.do?method=view&fdId=16344007814887f38b41bef4673954ef','201805_V3','0')
20180510-10:59:13.728:执行sql:select APPS from USERS where USER_ID='06116'
20180510-10:59:13.732:执行sql:SELECT NEXT VALUE FOR SEQ_TASK_ID as ID 
20180510-10:59:13.737:执行sql:insert into TASK_DEF(ID,TNAME,REQ_ID,STATUS,ARRANGE_DATE,OVERDATE,RDATE,OWNER,SCHE_ID,IS_DELAY,DELAY_CNT,RLS_CNT,RST_CNT,CRT_USER,CRT_TIME,MDF_USER,MDF_TIME,RST_APPRISE,CODE_APPRISE,APP,CUR_USERID,UPT_FLAG) values('TASK00000099','测试20180509001','R20180509001','2','2018-05-26','2018-05-30','2018-05-30','06116','201805_V3','0','0','0','0','06220','2018-05-09 12:03:51','06220',CONVERT(varchar(100),GETDATE(),120),'0','0','LCXS','06116','1')
20180510-10:59:13.746:执行sql:insert into MSGS(USER_ID,MSG_ID,MSG,CRT_USER,CRT_TIME,STATUS) values('06116','8c9a65c6-b3e9-469f-893f-fd79ff3856d4','您有新的任务[测试20180509001(R20180509001)]需要处理！','06000',CONVERT(varchar(100),GETDATE(),120),'0')
20180510-10:59:13.753:执行sql:select APPS from USERS where USER_ID='06228'
20180510-10:59:13.756:执行sql:SELECT NEXT VALUE FOR SEQ_TASK_ID as ID 
20180510-10:59:13.759:执行sql:insert into TASK_DEF(ID,TNAME,REQ_ID,STATUS,ARRANGE_DATE,OVERDATE,RDATE,OWNER,SCHE_ID,IS_DELAY,DELAY_CNT,RLS_CNT,RST_CNT,CRT_USER,CRT_TIME,MDF_USER,MDF_TIME,RST_APPRISE,CODE_APPRISE,APP,CUR_USERID,UPT_FLAG) values('TASK00000100','测试20180509001','R20180509001','2','2018-05-26','2018-05-30','2018-05-30','06228','201805_V3','0','0','0','0','06220','2018-05-09 12:03:51','06220',CONVERT(varchar(100),GETDATE(),120),'0','0','JZYY','06228','1')
20180510-10:59:13.763:执行sql:insert into MSGS(USER_ID,MSG_ID,MSG,CRT_USER,CRT_TIME,STATUS) values('06228','c5e8887f-236f-4af3-97c3-2028285a1093','您有新的任务[测试20180509001(R20180509001)]需要处理！','06000',CONVERT(varchar(100),GETDATE(),120),'0')
20180510-10:59:13.767:执行sql:select APPS from USERS where USER_ID='06076'
20180510-10:59:13.770:执行sql:SELECT NEXT VALUE FOR SEQ_TASK_ID as ID 
20180510-10:59:13.774:执行sql:insert into TASK_DEF(ID,TNAME,REQ_ID,STATUS,ARRANGE_DATE,OVERDATE,RDATE,OWNER,SCHE_ID,IS_DELAY,DELAY_CNT,RLS_CNT,RST_CNT,CRT_USER,CRT_TIME,MDF_USER,MDF_TIME,RST_APPRISE,CODE_APPRISE,APP,CUR_USERID,UPT_FLAG) values('TASK00000101','测试20180509001','R20180509001','2','2018-05-26','2018-05-30','2018-05-30','06076','201805_V3','0','0','0','0','06220','2018-05-09 12:03:51','06220',CONVERT(varchar(100),GETDATE(),120),'0','0','JZJY','06076','1')
20180510-10:59:13.779:执行sql:insert into MSGS(USER_ID,MSG_ID,MSG,CRT_USER,CRT_TIME,STATUS) values('06076','c24269f9-97af-4d68-9955-1cb8fe7e886f','您有新的任务[测试20180509001(R20180509001)]需要处理！','06000',CONVERT(varchar(100),GETDATE(),120),'0')
20180510-10:59:13.784:执行sql:select APPS from USERS where USER_ID='06116'
20180510-10:59:13.788:执行sql:SELECT NEXT VALUE FOR SEQ_TASK_ID as ID 
20180510-10:59:13.792:执行sql:insert into TASK_DEF(ID,TNAME,REQ_ID,STATUS,ARRANGE_DATE,OVERDATE,RDATE,OWNER,SCHE_ID,IS_DELAY,DELAY_CNT,RLS_CNT,RST_CNT,CRT_USER,CRT_TIME,MDF_USER,MDF_TIME,RST_APPRISE,CODE_APPRISE,APP,CUR_USERID,UPT_FLAG) values('TASK00000102','0509','R20180509003','2','2018-05-27','2018-05-18','2018-05-20','06116','201805_V1','0','0','0','0','06220','2018-05-09 16:49:26','06220',CONVERT(varchar(100),GETDATE(),120),'0','0','LCXS','06116','1')
20180510-10:59:13.797:执行sql:insert into MSGS(USER_ID,MSG_ID,MSG,CRT_USER,CRT_TIME,STATUS) values('06116','fd60872f-925a-4bfc-bacb-a9f1bc1b30d7','您有新的任务[0509(R20180509003)]需要处理！','06000',CONVERT(varchar(100),GETDATE(),120),'0')
20180510-10:59:13.803:执行sql:select APPS from USERS where USER_ID='06118'
20180510-10:59:13.808:执行sql:SELECT NEXT VALUE FOR SEQ_TASK_ID as ID 
20180510-10:59:13.812:执行sql:insert into TASK_DEF(ID,TNAME,REQ_ID,STATUS,ARRANGE_DATE,OVERDATE,RDATE,OWNER,SCHE_ID,IS_DELAY,DELAY_CNT,RLS_CNT,RST_CNT,CRT_USER,CRT_TIME,MDF_USER,MDF_TIME,RST_APPRISE,CODE_APPRISE,APP,CUR_USERID,UPT_FLAG) values('TASK00000103','0509','R20180509003','2','2018-05-27','2018-05-18','2018-05-20','06118','201805_V1','0','0','0','0','06220','2018-05-09 16:49:26','06220',CONVERT(varchar(100),GETDATE(),120),'0','0','JZJY','06118','1')
20180510-10:59:13.818:执行sql:insert into MSGS(USER_ID,MSG_ID,MSG,CRT_USER,CRT_TIME,STATUS) values('06118','22b2689e-3caf-4dfa-9991-d19d2b9789e9','您有新的任务[0509(R20180509003)]需要处理！','06000',CONVERT(varchar(100),GETDATE(),120),'0')
20180510-10:59:13.823:执行sql:select APPS from USERS where USER_ID='06227'
20180510-10:59:13.827:执行sql:SELECT NEXT VALUE FOR SEQ_TASK_ID as ID 
20180510-10:59:13.831:执行sql:insert into TASK_DEF(ID,TNAME,REQ_ID,STATUS,ARRANGE_DATE,OVERDATE,RDATE,OWNER,SCHE_ID,IS_DELAY,DELAY_CNT,RLS_CNT,RST_CNT,CRT_USER,CRT_TIME,MDF_USER,MDF_TIME,RST_APPRISE,CODE_APPRISE,APP,CUR_USERID,UPT_FLAG) values('TASK00000104','0509','R20180509003','2','2018-05-27','2018-05-18','2018-05-20','06227','201805_V1','0','0','0','0','06220','2018-05-09 16:49:26','06220',CONVERT(varchar(100),GETDATE(),120),'0','0','JYQS','06227','1')
20180510-10:59:13.837:执行sql:insert into MSGS(USER_ID,MSG_ID,MSG,CRT_USER,CRT_TIME,STATUS) values('06227','01d90a05-6960-4b57-bb26-19483681c093','您有新的任务[0509(R20180509003)]需要处理！','06000',CONVERT(varchar(100),GETDATE(),120),'0')
20180510-10:59:13.842:执行sql:select APPS from USERS where USER_ID='06252'
20180510-10:59:13.847:执行sql:SELECT NEXT VALUE FOR SEQ_TASK_ID as ID 
20180510-10:59:13.851:执行sql:insert into TASK_DEF(ID,TNAME,REQ_ID,STATUS,ARRANGE_DATE,OVERDATE,RDATE,OWNER,SCHE_ID,IS_DELAY,DELAY_CNT,RLS_CNT,RST_CNT,CRT_USER,CRT_TIME,MDF_USER,MDF_TIME,RST_APPRISE,CODE_APPRISE,APP,CUR_USERID,UPT_FLAG) values('TASK00000105','0509','R20180509003','2','2018-05-27','2018-05-18','2018-05-20','06252','201805_V1','0','0','0','0','06220','2018-05-09 16:49:26','06220',CONVERT(varchar(100),GETDATE(),120),'0','0','CTS','06252','1')
20180510-10:59:13.856:执行sql:insert into MSGS(USER_ID,MSG_ID,MSG,CRT_USER,CRT_TIME,STATUS) values('06252','acd53ebb-d5fa-49b4-8dee-bb24d6f7bf39','您有新的任务[0509(R20180509003)]需要处理！','06000',CONVERT(varchar(100),GETDATE(),120),'0')
20180510-10:59:13.865:执行sql:select APPS from USERS where USER_ID='06109'
20180510-10:59:13.870:执行sql:SELECT NEXT VALUE FOR SEQ_TASK_ID as ID 
20180510-10:59:13.875:执行sql:insert into TASK_DEF(ID,TNAME,REQ_ID,STATUS,ARRANGE_DATE,OVERDATE,RDATE,OWNER,SCHE_ID,IS_DELAY,DELAY_CNT,RLS_CNT,RST_CNT,CRT_USER,CRT_TIME,MDF_USER,MDF_TIME,RST_APPRISE,CODE_APPRISE,APP,CUR_USERID,UPT_FLAG) values('TASK00000106','0509','R20180509003','2','2018-05-27','2018-05-18','2018-05-20','06109','201805_V1','0','0','0','0','06220','2018-05-09 16:49:26','06220',CONVERT(varchar(100),GETDATE(),120),'0','0','OTC','06109','1')
20180510-10:59:13.881:执行sql:insert into MSGS(USER_ID,MSG_ID,MSG,CRT_USER,CRT_TIME,STATUS) values('06109','369b911d-2bea-4fa2-809a-2132c8e98a11','您有新的任务[0509(R20180509003)]需要处理！','06000',CONVERT(varchar(100),GETDATE(),120),'0')
20180510-10:59:13.886:执行sql:select APPS from USERS where USER_ID='06227'
20180510-10:59:13.891:执行sql:SELECT NEXT VALUE FOR SEQ_TASK_ID as ID 
20180510-10:59:13.896:执行sql:insert into TASK_DEF(ID,TNAME,REQ_ID,STATUS,ARRANGE_DATE,OVERDATE,RDATE,OWNER,SCHE_ID,IS_DELAY,DELAY_CNT,RLS_CNT,RST_CNT,CRT_USER,CRT_TIME,MDF_USER,MDF_TIME,RST_APPRISE,CODE_APPRISE,APP,CUR_USERID,UPT_FLAG) values('TASK00000107','测试003','R20180509005','2','2018-05-26','2018-05-09','2018-05-31','06227','201805_V1','0','0','0','0','06220','2018-05-09 16:49:59','06220',CONVERT(varchar(100),GETDATE(),120),'0','0','JYQS','06227','1')
20180510-10:59:13.903:执行sql:insert into MSGS(USER_ID,MSG_ID,MSG,CRT_USER,CRT_TIME,STATUS) values('06227','99e6f5d5-e0e5-47ef-a3ef-8921abe7c9e2','您有新的任务[测试003(R20180509005)]需要处理！','06000',CONVERT(varchar(100),GETDATE(),120),'0')
20180510-10:59:13.912:执行sql:select APPS from USERS where USER_ID='06252'
20180510-10:59:13.917:执行sql:SELECT NEXT VALUE FOR SEQ_TASK_ID as ID 
20180510-10:59:13.922:执行sql:insert into TASK_DEF(ID,TNAME,REQ_ID,STATUS,ARRANGE_DATE,OVERDATE,RDATE,OWNER,SCHE_ID,IS_DELAY,DELAY_CNT,RLS_CNT,RST_CNT,CRT_USER,CRT_TIME,MDF_USER,MDF_TIME,RST_APPRISE,CODE_APPRISE,APP,CUR_USERID,UPT_FLAG) values('TASK00000108','测试003','R20180509005','2','2018-05-26','2018-05-09','2018-05-31','06252','201805_V1','0','0','0','0','06220','2018-05-09 16:49:59','06220',CONVERT(varchar(100),GETDATE(),120),'0','0','CTS','06252','1')
20180510-10:59:13.931:执行sql:insert into MSGS(USER_ID,MSG_ID,MSG,CRT_USER,CRT_TIME,STATUS) values('06252','84f363c5-a55f-43df-b33e-fae4f6b0e8ff','您有新的任务[测试003(R20180509005)]需要处理！','06000',CONVERT(varchar(100),GETDATE(),120),'0')
20180510-10:59:14.010:执行sql:select FLAG from DATA_FLAG where ID='BATCH'
20180510-10:59:14.015:执行sql:delete from  BATCH where DATA_FLAG='A' and SCHE_ID='201805_V2'
20180510-10:59:14.020:执行sql:insert into BATCH(SCHE_ID,EXPIRE_DATE,CRT_USER,CRT_TIME,DATA_FLAG) values('201805_V2','2018-05-18','06220','2018-05-09 12:02:32','A')
20180510-10:59:14.027:执行sql:select FLAG from DATA_FLAG where ID='BATCH'
20180510-10:59:14.032:执行sql:delete from  BATCH where DATA_FLAG='A' and SCHE_ID='201805_V1'
20180510-10:59:14.037:执行sql:insert into BATCH(SCHE_ID,EXPIRE_DATE,CRT_USER,CRT_TIME,DATA_FLAG) values('201805_V1','2018-05-26','06220','2018-05-09 16:10:37','A')
20180510-10:59:14.046:执行sql:select FLAG from DATA_FLAG where ID='BATCH'
20180510-10:59:14.051:执行sql:delete from  BATCH where DATA_FLAG='A' and SCHE_ID='201805_V3'
20180510-10:59:14.056:执行sql:insert into BATCH(SCHE_ID,EXPIRE_DATE,CRT_USER,CRT_TIME,DATA_FLAG) values('201805_V3','2018-05-24','06220','2018-05-09 16:31:37','A')
20180510-10:59:14.062:执行sql:select FLAG from DATA_FLAG where ID='BATCH'
20180510-10:59:14.067:执行sql:delete from  BATCH where DATA_FLAG='A' and SCHE_ID='201805_V4'
20180510-10:59:14.072:执行sql:insert into BATCH(SCHE_ID,EXPIRE_DATE,CRT_USER,CRT_TIME,DATA_FLAG) values('201805_V4','2018-05-30','06220','2018-05-09 17:55:52','A')
20180510-10:59:14.081:执行sql:update DATA_FLAG set FLAG='A' where ID='BATCH'
