20180423-14:32:43.130:执行sql:select  NAME,VALUE from SYS_PARAMETER
20180423-14:36:24.120:执行sql:select  NAME,VALUE from SYS_PARAMETER
20180423-14:38:01.014:执行sql:select  NAME,VALUE from SYS_PARAMETER
20180423-14:38:01.076:执行sql:select USERS.USER_NAME+' '+TASK_DEF.OWNER USER_ID,COUNT(*) DONE_STAK,CONVERT(varchar(100),GETDATE()-1,23) DATA_DATEFROM TASK_DEF,USERS WHERE TASK_DEF.OWNER=USERS.USER_ID AND  TASK_DEF.STATUS NOT IN('1','2') GROUP BY OWNER,USERS.USER_NAME
20180423-14:38:01.080:执行sql:select USERS.USER_NAME+' '+TASK_DEF.OWNER USER_ID,COUNT(*) DONE_STAK,CONVERT(varchar(100),GETDATE()-1,23) DATA_DATEFROM TASK_DEF,USERS WHERE TASK_DEF.OWNER=USERS.USER_ID AND  TASK_DEF.STATUS NOT IN('1','2') GROUP BY OWNER,USERS.USER_NAME异常:com.microsoft.sqlserver.jdbc.SQLServerException: “TASK_DEF”附近有语法错误。
20180423-14:38:01.248:执行sql:select ID,STATUS,CUR_USER,SYNC_FLAG,IS_DELAY from BACKLOG where CONVERT(varchar(10),MDF_TIME)='2018-04-22'
20180423-14:38:01.292:执行sql:select REQ_ID,OWNER,IS_DELAY,RLS_CNT,RST_CNT,DELAY_CNT,STATUS, CONVERT(varchar(10),MDF_TIME) DATA_DATE  from TASK_DEF where CONVERT(varchar(10),MDF_TIME)='2018-04-22'
20180423-14:38:01.329:执行sql:select REQ_ID,LOG_ID,USERS.USER_NAME+' '+ DELAY_DETAIL.APPLY_USER APPLY_USER, APPLY_TIME,AUSERS.USER_NAME+' '+APPR_USER APPR_USER,DSTATUS,REASON,DCOMMENT,DTIME,PDATE,DDATE from DELAY_DETAIL,USERS,USERS AUSERS WHERE DELAY_DETAIL.APPLY_USER=USERS.USER_ID and DELAY_DETAIL.APPR_USER=AUSERS.USER_ID and CONVERT(varchar(10),MTIME)='2018-04-22'
20180423-17:28:03.955:执行sql:select  NAME,VALUE from SYS_PARAMETER
20180423-17:28:04.009:执行sql:select USERS.USER_NAME+' '+TASK_DEF.OWNER USER_ID,COUNT(*) DONE_STAK,CONVERT(varchar(100),GETDATE()-1,23) DATA_DATEFROM TASK_DEF,USERS WHERE TASK_DEF.OWNER=USERS.USER_ID AND  TASK_DEF.STATUS NOT IN('1','2') GROUP BY OWNER,USERS.USER_NAME
20180423-17:28:04.013:执行sql:select USERS.USER_NAME+' '+TASK_DEF.OWNER USER_ID,COUNT(*) DONE_STAK,CONVERT(varchar(100),GETDATE()-1,23) DATA_DATEFROM TASK_DEF,USERS WHERE TASK_DEF.OWNER=USERS.USER_ID AND  TASK_DEF.STATUS NOT IN('1','2') GROUP BY OWNER,USERS.USER_NAME异常:com.microsoft.sqlserver.jdbc.SQLServerException: “TASK_DEF”附近有语法错误。
20180423-17:28:04.168:执行sql:select ID,STATUS,CUR_USER,SYNC_FLAG,IS_DELAY from BACKLOG where CONVERT(varchar(10),MDF_TIME)='2018-04-21'
20180423-17:28:04.212:执行sql:select REQ_ID,OWNER,IS_DELAY,RLS_CNT,RST_CNT,DELAY_CNT,STATUS, CONVERT(varchar(10),MDF_TIME) DATA_DATE  from TASK_DEF where CONVERT(varchar(10),MDF_TIME)='2018-04-21'
20180423-17:28:04.269:执行sql:select REQ_ID,LOG_ID,USERS.USER_NAME+' '+ DELAY_DETAIL.APPLY_USER APPLY_USER, APPLY_TIME,AUSERS.USER_NAME+' '+APPR_USER APPR_USER,DSTATUS,REASON,DCOMMENT,DTIME,PDATE,DDATE from DELAY_DETAIL,USERS,USERS AUSERS WHERE DELAY_DETAIL.APPLY_USER=USERS.USER_ID and DELAY_DETAIL.APPR_USER=AUSERS.USER_ID and CONVERT(varchar(10),MTIME)='2018-04-21'
20180423-17:30:41.237:执行sql:select  NAME,VALUE from SYS_PARAMETER
20180423-17:30:41.290:执行sql:select USERS.USER_NAME+' '+TASK_DEF.OWNER USER_ID,COUNT(*) DONE_STAK,CONVERT(varchar(100),GETDATE()-1,23) DATA_DATEFROM TASK_DEF,USERS WHERE TASK_DEF.OWNER=USERS.USER_ID AND  TASK_DEF.STATUS NOT IN('1','2') GROUP BY OWNER,USERS.USER_NAME
20180423-17:30:41.294:执行sql:select USERS.USER_NAME+' '+TASK_DEF.OWNER USER_ID,COUNT(*) DONE_STAK,CONVERT(varchar(100),GETDATE()-1,23) DATA_DATEFROM TASK_DEF,USERS WHERE TASK_DEF.OWNER=USERS.USER_ID AND  TASK_DEF.STATUS NOT IN('1','2') GROUP BY OWNER,USERS.USER_NAME异常:com.microsoft.sqlserver.jdbc.SQLServerException: “TASK_DEF”附近有语法错误。
20180423-17:30:41.426:执行sql:select ID,STATUS,CUR_USER,SYNC_FLAG,IS_DELAY from BACKLOG where CONVERT(varchar(10),MDF_TIME)='2018-04-20'
20180423-17:30:41.468:执行sql:select REQ_ID,OWNER,IS_DELAY,RLS_CNT,RST_CNT,DELAY_CNT,STATUS, CONVERT(varchar(10),MDF_TIME) DATA_DATE  from TASK_DEF where CONVERT(varchar(10),MDF_TIME)='2018-04-20'
20180423-17:30:41.510:执行sql:select REQ_ID,LOG_ID,USERS.USER_NAME+' '+ DELAY_DETAIL.APPLY_USER APPLY_USER, APPLY_TIME,AUSERS.USER_NAME+' '+APPR_USER APPR_USER,DSTATUS,REASON,DCOMMENT,DTIME,PDATE,DDATE from DELAY_DETAIL,USERS,USERS AUSERS WHERE DELAY_DETAIL.APPLY_USER=USERS.USER_ID and DELAY_DETAIL.APPR_USER=AUSERS.USER_ID and CONVERT(varchar(10),MTIME)='2018-04-20'
