20180426-15:57:54.521:执行sql:select  NAME,VALUE from SYS_PARAMETER
20180426-15:57:54.574:执行sql:select USERS.USER_NAME+' '+TASK_DEF.OWNER USER_ID,COUNT(*) DONE_STAK,CONVERT(varchar(100),GETDATE()-1,23) DATA_DATE FROM TASK_DEF,USERS WHERE TASK_DEF.OWNER=USERS.USER_ID AND  TASK_DEF.STATUS NOT IN('1','2') GROUP BY OWNER,USERS.USER_NAME
20180426-15:57:54.700:执行sql:select ID,STATUS,CUR_USER,SYNC_FLAG,IS_DELAY from BACKLOG where CONVERT(varchar(10),MDF_TIME)='2018-04-25'
20180426-15:57:54.738:执行sql:select REQ_ID,OWNER,IS_DELAY,RLS_CNT,RST_CNT,DELAY_CNT,STATUS, CONVERT(varchar(10),MDF_TIME) DATA_DATE  from TASK_DEF where CONVERT(varchar(10),MDF_TIME)='2018-04-25'
20180426-15:57:54.792:执行sql:select REQ_ID,LOG_ID,USERS.USER_NAME+' '+ DELAY_DETAIL.APPLY_USER APPLY_USER, APPLY_TIME,AUSERS.USER_NAME+' '+APPR_USER APPR_USER,DSTATUS,REASON,DCOMMENT,DTIME,PDATE,DDATE from DELAY_DETAIL,USERS,USERS AUSERS WHERE DELAY_DETAIL.APPLY_USER=USERS.USER_ID and DELAY_DETAIL.APPR_USER=AUSERS.USER_ID and CONVERT(varchar(10),MTIME)='2018-04-25'
20180426-15:57:55.228:执行sql:select COUNT(*) AS COUNT from FILES where MD5='22e32ebc0db94e63d023fc9e84fe21a7'
20180426-15:57:55.234:执行sql:insert into REQ_FILES(REQ_ID,FILE_ID,FILE_NAME,FILE_TIME,MD5,MDF_USER,MDF_TIME) values('R20180426003','a4808051-a7e9-4e9f-98ac-15318feb28b5','16261a8e37b4bedb584b69b42409f83e.docx','2018-04-26 14:19:30','22e32ebc0db94e63d023fc9e84fe21a7','06000',CONVERT(varchar(100),GETDATE(),120))
20180426-15:57:55.244:执行sql:insert into BACKLOG(ID,SUSER,DEPT,SDATE,IUSER,NAME,BACKGROUND,RDESC,RDATE,REASON,CUSER,AUSER,COMMENT,RSRC,RTYPE,RCLASS,STATUS,CUR_USER,MDF_TIME,SYNC_FLAG,LINK,SCHE_ID,IS_DELAY) values('R20180426003','06220','IT规划部','2018-04-26','06220','测试004','测试','冲厕所','2018-05-04','测试','51056','51009','','5','1','2','3','06000',CONVERT(varchar(100),GETDATE(),120),'1','http://172.24.181.201:8080/ekp/guosen/demand/guosen_demand_main/guosenDemandMain.do?method=view&fdId=163009ac4c9829dd9a710f94622bde99','201804_V3','0')
20180426-15:57:55.439:执行sql:select APPS from USERS where USER_ID='刘伟 06252'
20180426-15:57:55.443:执行sql:SELECT NEXT VALUE FOR SEQ_TASK_ID as ID 
20180426-15:57:55.450:执行sql:insert into TASK_DEF(ID,TNAME,REQ_ID,STATUS,ARRANGE_DATE,OVERDATE,RDATE,OWNER,SCHE_ID,IS_DELAY,DELAY_CNT,RLS_CNT,RST_CNT,CRT_USER,CRT_TIME,MDF_USER,MDF_TIME,RST_APPRISE,CODE_APPRISE,APP,CUR_USERID,UPT_FLAG) values('TASK00000059','测试003','R20180426001','2','2018-04-28','2018-04-27','2018-05-05','刘伟 06252','201804_V4','0','0','0','0','23001','2018-04-26 10:36:19','23001',CONVERT(varchar(100),GETDATE(),120),'0','0','','刘伟 06252','1')
20180426-15:57:55.456:执行sql:insert into MSGS(USER_ID,MSG_ID,MSG,CRT_USER,CRT_TIME,STATUS) values('刘伟 06252','90dc38db-2303-4bb8-91a4-cd25f331565d','您有新的任务[测试003(R20180426001)]需要处理！','06000',CONVERT(varchar(100),GETDATE(),120),'0')
20180426-15:57:55.460:执行sql:select APPS from USERS where USER_ID='王信 06239'
20180426-15:57:55.463:执行sql:SELECT NEXT VALUE FOR SEQ_TASK_ID as ID 
20180426-15:57:55.466:执行sql:insert into TASK_DEF(ID,TNAME,REQ_ID,STATUS,ARRANGE_DATE,OVERDATE,RDATE,OWNER,SCHE_ID,IS_DELAY,DELAY_CNT,RLS_CNT,RST_CNT,CRT_USER,CRT_TIME,MDF_USER,MDF_TIME,RST_APPRISE,CODE_APPRISE,APP,CUR_USERID,UPT_FLAG) values('TASK00000060','测试003','R20180426001','2','2018-04-28','2018-04-27','2018-05-05','王信 06239','201804_V4','0','0','0','0','23001','2018-04-26 10:36:19','23001',CONVERT(varchar(100),GETDATE(),120),'0','0','','王信 06239','1')
20180426-15:57:55.470:执行sql:insert into MSGS(USER_ID,MSG_ID,MSG,CRT_USER,CRT_TIME,STATUS) values('王信 06239','4ba5ca2f-2181-4329-8c1e-bd647426bb35','您有新的任务[测试003(R20180426001)]需要处理！','06000',CONVERT(varchar(100),GETDATE(),120),'0')
20180426-15:57:55.474:执行sql:select APPS from USERS where USER_ID='蔡龙 06133'
20180426-15:57:55.477:执行sql:SELECT NEXT VALUE FOR SEQ_TASK_ID as ID 
20180426-15:57:55.481:执行sql:insert into TASK_DEF(ID,TNAME,REQ_ID,STATUS,ARRANGE_DATE,OVERDATE,RDATE,OWNER,SCHE_ID,IS_DELAY,DELAY_CNT,RLS_CNT,RST_CNT,CRT_USER,CRT_TIME,MDF_USER,MDF_TIME,RST_APPRISE,CODE_APPRISE,APP,CUR_USERID,UPT_FLAG) values('TASK00000061','测试004','R20180426002','2','2018-04-29','2018-04-27','2018-04-28','蔡龙 06133','201804_V1','0','0','0','0','23001','2018-04-26 10:36:42','23001',CONVERT(varchar(100),GETDATE(),120),'0','0','','蔡龙 06133','1')
20180426-15:57:55.487:执行sql:insert into MSGS(USER_ID,MSG_ID,MSG,CRT_USER,CRT_TIME,STATUS) values('蔡龙 06133','43c0e10b-cbcf-4c57-b7bb-7a798d2986dd','您有新的任务[测试004(R20180426002)]需要处理！','06000',CONVERT(varchar(100),GETDATE(),120),'0')
20180426-15:57:55.494:执行sql:select APPS from USERS where USER_ID='陈登彪 06149'
20180426-15:57:55.498:执行sql:SELECT NEXT VALUE FOR SEQ_TASK_ID as ID 
20180426-15:57:55.502:执行sql:insert into TASK_DEF(ID,TNAME,REQ_ID,STATUS,ARRANGE_DATE,OVERDATE,RDATE,OWNER,SCHE_ID,IS_DELAY,DELAY_CNT,RLS_CNT,RST_CNT,CRT_USER,CRT_TIME,MDF_USER,MDF_TIME,RST_APPRISE,CODE_APPRISE,APP,CUR_USERID,UPT_FLAG) values('TASK00000062','测试004','R20180426002','2','2018-04-29','2018-04-27','2018-04-28','陈登彪 06149','201804_V1','0','0','0','0','23001','2018-04-26 10:36:43','23001',CONVERT(varchar(100),GETDATE(),120),'0','0','','陈登彪 06149','1')
20180426-15:57:55.511:执行sql:insert into TASK_DEF(ID,TNAME,REQ_ID,STATUS,ARRANGE_DATE,OVERDATE,RDATE,OWNER,SCHE_ID,IS_DELAY,DELAY_CNT,RLS_CNT,RST_CNT,CRT_USER,CRT_TIME,MDF_USER,MDF_TIME,RST_APPRISE,CODE_APPRISE,APP,CUR_USERID,UPT_FLAG) values('TASK00000062','测试004','R20180426002','2','2018-04-29','2018-04-27','2018-04-28','陈登彪 06149','201804_V1','0','0','0','0','23001','2018-04-26 10:36:43','23001',CONVERT(varchar(100),GETDATE(),120),'0','0','','陈登彪 06149','1')异常:com.microsoft.sqlserver.jdbc.SQLServerException: 将截断字符串或二进制数据。
20180426-15:57:55.526:执行sql:insert into MSGS(USER_ID,MSG_ID,MSG,CRT_USER,CRT_TIME,STATUS) values('陈登彪 06149','1cf248ba-f6fe-45c0-b935-5b953f60366e','您有新的任务[测试004(R20180426002)]需要处理！','06000',CONVERT(varchar(100),GETDATE(),120),'0')
20180426-15:57:55.532:执行sql:insert into MSGS(USER_ID,MSG_ID,MSG,CRT_USER,CRT_TIME,STATUS) values('陈登彪 06149','1cf248ba-f6fe-45c0-b935-5b953f60366e','您有新的任务[测试004(R20180426002)]需要处理！','06000',CONVERT(varchar(100),GETDATE(),120),'0')异常:com.microsoft.sqlserver.jdbc.SQLServerException: 将截断字符串或二进制数据。
20180426-15:57:55.541:执行sql:select APPS from USERS where USER_ID='刘铭 06118'
20180426-15:57:55.545:执行sql:SELECT NEXT VALUE FOR SEQ_TASK_ID as ID 
20180426-15:57:55.552:执行sql:insert into TASK_DEF(ID,TNAME,REQ_ID,STATUS,ARRANGE_DATE,OVERDATE,RDATE,OWNER,SCHE_ID,IS_DELAY,DELAY_CNT,RLS_CNT,RST_CNT,CRT_USER,CRT_TIME,MDF_USER,MDF_TIME,RST_APPRISE,CODE_APPRISE,APP,CUR_USERID,UPT_FLAG) values('TASK00000063','测试005','R20180426004','2','2018-05-04','2018-05-04','2018-05-11','刘铭 06118','201804_V3','0','0','0','0','06220','2018-04-26 14:25:50','06220',CONVERT(varchar(100),GETDATE(),120),'0','0','','刘铭 06118','1')
20180426-15:57:55.560:执行sql:insert into MSGS(USER_ID,MSG_ID,MSG,CRT_USER,CRT_TIME,STATUS) values('刘铭 06118','0d654128-bfdd-48d4-b5c5-49f29d36ec21','您有新的任务[测试005(R20180426004)]需要处理！','06000',CONVERT(varchar(100),GETDATE(),120),'0')
20180426-15:57:55.566:执行sql:select APPS from USERS where USER_ID='罗奇千 06095'
20180426-15:57:55.570:执行sql:SELECT NEXT VALUE FOR SEQ_TASK_ID as ID 
20180426-15:57:55.577:执行sql:insert into TASK_DEF(ID,TNAME,REQ_ID,STATUS,ARRANGE_DATE,OVERDATE,RDATE,OWNER,SCHE_ID,IS_DELAY,DELAY_CNT,RLS_CNT,RST_CNT,CRT_USER,CRT_TIME,MDF_USER,MDF_TIME,RST_APPRISE,CODE_APPRISE,APP,CUR_USERID,UPT_FLAG) values('TASK00000064','测试005','R20180426004','2','2018-05-04','2018-05-04','2018-05-11','罗奇千 06095','201804_V3','0','0','0','0','06220','2018-04-26 14:25:50','06220',CONVERT(varchar(100),GETDATE(),120),'0','0','','罗奇千 06095','1')
20180426-15:57:55.584:执行sql:insert into TASK_DEF(ID,TNAME,REQ_ID,STATUS,ARRANGE_DATE,OVERDATE,RDATE,OWNER,SCHE_ID,IS_DELAY,DELAY_CNT,RLS_CNT,RST_CNT,CRT_USER,CRT_TIME,MDF_USER,MDF_TIME,RST_APPRISE,CODE_APPRISE,APP,CUR_USERID,UPT_FLAG) values('TASK00000064','测试005','R20180426004','2','2018-05-04','2018-05-04','2018-05-11','罗奇千 06095','201804_V3','0','0','0','0','06220','2018-04-26 14:25:50','06220',CONVERT(varchar(100),GETDATE(),120),'0','0','','罗奇千 06095','1')异常:com.microsoft.sqlserver.jdbc.SQLServerException: 将截断字符串或二进制数据。
20180426-15:57:55.597:执行sql:insert into MSGS(USER_ID,MSG_ID,MSG,CRT_USER,CRT_TIME,STATUS) values('罗奇千 06095','ff79a28e-2613-43d0-a1d3-a6aa7cc40da7','您有新的任务[测试005(R20180426004)]需要处理！','06000',CONVERT(varchar(100),GETDATE(),120),'0')
20180426-15:57:55.604:执行sql:insert into MSGS(USER_ID,MSG_ID,MSG,CRT_USER,CRT_TIME,STATUS) values('罗奇千 06095','ff79a28e-2613-43d0-a1d3-a6aa7cc40da7','您有新的任务[测试005(R20180426004)]需要处理！','06000',CONVERT(varchar(100),GETDATE(),120),'0')异常:com.microsoft.sqlserver.jdbc.SQLServerException: 将截断字符串或二进制数据。
20180426-15:57:55.613:执行sql:select APPS from USERS where USER_ID='王信 06239'
20180426-15:57:55.620:执行sql:SELECT NEXT VALUE FOR SEQ_TASK_ID as ID 
20180426-15:57:55.626:执行sql:insert into TASK_DEF(ID,TNAME,REQ_ID,STATUS,ARRANGE_DATE,OVERDATE,RDATE,OWNER,SCHE_ID,IS_DELAY,DELAY_CNT,RLS_CNT,RST_CNT,CRT_USER,CRT_TIME,MDF_USER,MDF_TIME,RST_APPRISE,CODE_APPRISE,APP,CUR_USERID,UPT_FLAG) values('TASK00000065','测试004','R20180426003','2','2018-05-04','2018-05-04','2018-06-14','王信 06239','201804_V1','0','0','0','0','06220','2018-04-26 14:26:06','06220',CONVERT(varchar(100),GETDATE(),120),'0','0','','王信 06239','1')
20180426-15:57:55.632:执行sql:insert into MSGS(USER_ID,MSG_ID,MSG,CRT_USER,CRT_TIME,STATUS) values('王信 06239','55a10add-e5d4-450d-a008-0edb8c344463','您有新的任务[测试004(R20180426003)]需要处理！','06000',CONVERT(varchar(100),GETDATE(),120),'0')
20180426-15:57:55.639:执行sql:select APPS from USERS where USER_ID='帅军 06109'
20180426-15:57:55.643:执行sql:SELECT NEXT VALUE FOR SEQ_TASK_ID as ID 
20180426-15:57:55.648:执行sql:insert into TASK_DEF(ID,TNAME,REQ_ID,STATUS,ARRANGE_DATE,OVERDATE,RDATE,OWNER,SCHE_ID,IS_DELAY,DELAY_CNT,RLS_CNT,RST_CNT,CRT_USER,CRT_TIME,MDF_USER,MDF_TIME,RST_APPRISE,CODE_APPRISE,APP,CUR_USERID,UPT_FLAG) values('TASK00000066','测试004','R20180426003','2','2018-05-04','2018-05-04','2018-06-14','帅军 06109','201804_V1','0','0','0','0','06220','2018-04-26 14:26:06','06220',CONVERT(varchar(100),GETDATE(),120),'0','0','','帅军 06109','1')
20180426-15:57:55.655:执行sql:insert into MSGS(USER_ID,MSG_ID,MSG,CRT_USER,CRT_TIME,STATUS) values('帅军 06109','2d88cc44-9826-4c5a-8b4a-a727875e19ef','您有新的任务[测试004(R20180426003)]需要处理！','06000',CONVERT(varchar(100),GETDATE(),120),'0')
20180426-15:57:55.730:执行sql:select FLAG from DATA_FLAG where ID='BATCH'
20180426-15:57:55.737:执行sql:delete from  BATCH where DATA_FLAG='B' and SCHE_ID='201804_V3'
20180426-15:57:55.745:执行sql:insert into BATCH(SCHE_ID,EXPIRE_DATE,CRT_USER,CRT_TIME,DATA_FLAG) values('201804_V3','2018-04-28','23001','2018-04-26 10:36:06','B')
20180426-15:57:55.754:执行sql:update DATA_FLAG set FLAG='B' where ID='BATCH'
